Connection failed: SQLSTATE[HY000] [1045] Access denied for user 'root'@'localhost' (using password: YES)2022/02/15 07-54-51 SELECT *  FROM ads  WHERE active="1"
2022/02/15 07-55-00 SELECT *  FROM ads  WHERE active="1"
2022/02/15 07-56-45 SELECT *  FROM ads  WHERE active="1"
2022/02/16 05-52-57 SELECT *  FROM ads  WHERE active="1"
2022/02/16 05-53-11 SELECT *  FROM ads  WHERE active="1"
2022/02/16 06-34-34 SELECT *  FROM cities 
2022/02/16 06-34-53 SELECT *  FROM ads  WHERE slug="ghfds"
2022/02/16 06-34-53 INSERT INTO ads (title,description,manufacturer_id,model_id,price,year,type_id,user_id,image,active,slug,vin)
             VALUES ("ghfds","Aprasymashgfdsa","1","1","20000","1999","1","1","","1","ghfds",";][poiuytredwsdefrgtrhyuj")
2022/02/16 06-35-16 SELECT *  FROM ads  WHERE slug="159753"
2022/02/16 06-35-16 INSERT INTO ads (title,description,manufacturer_id,model_id,price,year,type_id,user_id,image,active,slug,vin)
             VALUES ("159753","159753Aprasymas","1","1","159753","159753","1","1","d","1","159753","1597536565")
2022/02/16 06-35-28 SELECT *  FROM ads  WHERE slug="159753"
2022/02/16 06-35-28 SELECT *  FROM ads  WHERE slug="15975367"
2022/02/16 06-35-28 INSERT INTO ads (title,description,manufacturer_id,model_id,price,year,type_id,user_id,image,active,slug,vin)
             VALUES ("159753","159753Aprasymas","1","1","159753","159753","1","1","d","1","15975367","1597536565")
2022/02/16 06-35-40 SELECT *  FROM ads  WHERE slug="14789"
2022/02/16 06-35-40 INSERT INTO ads (title,description,manufacturer_id,model_id,price,year,type_id,user_id,image,active,slug,vin)
             VALUES ("14789","14789Aprasymas","1","1","14789","14789","1","1","","1","14789","14789")
2022/02/16 06-36-56 SELECT *  FROM ads  WHERE slug="5666"
2022/02/16 06-36-56 INSERT INTO ads (title,description,manufacturer_id,model_id,price,year,type_id,user_id,image,active,slug,vin)
             VALUES ("5666","61616Aprasymas","1","1","561561","1515","1","1","55","1","5666","155")
2022/02/16 06-58-45 SELECT *  FROM cities 
2022/02/16 06-58-47 SELECT *  FROM cities 
2022/02/16 06-59-07 SELECT *  FROM cities 
2022/02/16 07-28-45 SELECT *  FROM cities 
2022/02/16 07-28-47 SELECT *  FROM cities 
2022/02/16 07-28-49 SELECT *  FROM ads  WHERE active="1"
2022/02/16 07-29-40 SELECT *  FROM ads  WHERE active="1"
2022/02/16 07-30-17 SELECT *  FROM ads  WHERE active="1"
2022/02/16 08-03-44 SELECT *  FROM ads  WHERE active="1"
2022/02/16 08-03-50 SELECT *  FROM ads  WHERE active="1"
2022/02/16 08-16-13 SELECT *  FROM ads  WHERE active="1"
2022/02/16 08-19-16 SELECT *  FROM ads  WHERE active="1"
2022/02/16 08-19-20 SELECT *  FROM ads  WHERE active="1"
2022/02/19 03-02-38 SELECT *  FROM ads  WHERE active="1"
2022/02/19 03-02-46 SELECT *  FROM ads  WHERE active="1"
2022/02/19 03-02-48 SELECT *  FROM ads  WHERE active="1"
2022/02/19 03-02-50 SELECT *  FROM ads  WHERE active="1" ORDER BY views DESC LIMIT 5
2022/02/19 03-02-50 SELECT *  FROM ads  WHERE active="1" ORDER BY id DESC LIMIT 5
2022/02/19 03-03-25 SELECT *  FROM ads  WHERE active="1" ORDER BY views DESC LIMIT 5
2022/02/19 03-03-25 SELECT *  FROM ads  WHERE active="1" ORDER BY id DESC LIMIT 5
2022/02/19 11-18-43 SELECT *  FROM ads  WHERE active="1" ORDER BY views DESC LIMIT 5
2022/02/19 11-18-44 SELECT *  FROM ads  WHERE active="1" ORDER BY id DESC LIMIT 5
2022/02/19 11-30-21 SELECT *  FROM ads  WHERE active="1" ORDER BY views DESC LIMIT 5
2022/02/19 11-30-21 SELECT *  FROM ads  WHERE active="1" ORDER BY id DESC LIMIT 5
2022/02/19 11-30-23 SELECT *  FROM ads  WHERE active="1" ORDER BY views DESC LIMIT 5
2022/02/19 11-30-23 SELECT *  FROM ads  WHERE active="1" ORDER BY id DESC LIMIT 5
2022/02/19 11-30-24 SELECT *  FROM ads  WHERE active="1" ORDER BY views DESC LIMIT 5
2022/02/19 11-30-24 SELECT *  FROM ads  WHERE active="1" ORDER BY id DESC LIMIT 5
2022/02/19 11-30-39 SELECT *  FROM ads  WHERE active="1" ORDER BY views DESC LIMIT 5
2022/02/19 11-30-40 SELECT *  FROM ads  WHERE active="1" ORDER BY id DESC LIMIT 5
2022/02/19 11-31-12 SELECT *  FROM ads  WHERE active="1" ORDER BY views DESC LIMIT 5
2022/02/19 11-31-12 SELECT *  FROM ads  WHERE active="1" ORDER BY id DESC LIMIT 5
2022/02/19 11-31-13 SELECT *  FROM ads  WHERE active="1" ORDER BY views DESC LIMIT 5
2022/02/19 11-31-13 SELECT *  FROM ads  WHERE active="1" ORDER BY id DESC LIMIT 5
2022/02/19 11-31-14 SELECT *  FROM ads  WHERE active="1" ORDER BY views DESC LIMIT 5
2022/02/19 11-31-14 SELECT *  FROM ads  WHERE active="1" ORDER BY id DESC LIMIT 5
2022/02/19 11-31-51 SELECT *  FROM ads  WHERE active="1" ORDER BY views DESC LIMIT 5
2022/02/19 11-31-51 SELECT *  FROM ads  WHERE active="1" ORDER BY id DESC LIMIT 5
2022/02/19 11-31-52 SELECT *  FROM ads  WHERE active="1" ORDER BY views DESC LIMIT 5
2022/02/19 11-31-52 SELECT *  FROM ads  WHERE active="1" ORDER BY id DESC LIMIT 5
2022/02/19 11-31-53 SELECT *  FROM ads  WHERE active="1" ORDER BY views DESC LIMIT 5
2022/02/19 11-31-53 SELECT *  FROM ads  WHERE active="1" ORDER BY id DESC LIMIT 5
2022/02/19 11-32-03 SELECT *  FROM ads  WHERE active="1"
2022/02/19 11-32-05 SELECT *  FROM ads  WHERE active="1" ORDER BY views DESC LIMIT 5
2022/02/19 11-32-05 SELECT *  FROM ads  WHERE active="1" ORDER BY id DESC LIMIT 5
2022/02/19 11-32-06 SELECT *  FROM cities 
2022/02/19 11-37-09 SELECT *  FROM cities 
2022/02/19 11-37-09 SELECT *  FROM cities 
2022/02/19 11-37-10 SELECT *  FROM cities 
2022/02/19 11-37-11 SELECT *  FROM cities 
2022/02/19 11-37-12 SELECT *  FROM cities 
2022/02/19 11-38-18 SELECT *  FROM cities 
2022/02/19 11-38-24 SELECT *  FROM cities 
2022/02/19 11-38-54 SELECT *  FROM cities 
2022/02/19 11-38-54 SELECT *  FROM cities 
2022/02/19 11-38-55 SELECT *  FROM cities 
2022/02/19 11-38-56 SELECT *  FROM cities 
2022/02/19 11-38-57 SELECT *  FROM cities 
2022/02/19 11-38-59 SELECT *  FROM ads  WHERE active="1" ORDER BY views DESC LIMIT 5
2022/02/19 11-38-59 SELECT *  FROM ads  WHERE active="1" ORDER BY id DESC LIMIT 5
2022/02/20 04-41-57 SELECT *  FROM ads  WHERE active="1" ORDER BY views DESC LIMIT 5
2022/02/20 04-41-57 SELECT *  FROM ads  WHERE active="1" ORDER BY id DESC LIMIT 5
2022/02/20 04-42-21 SELECT *  FROM ads  WHERE active="1" ORDER BY views DESC LIMIT 5
2022/02/20 04-42-21 SELECT *  FROM ads  WHERE active="1" ORDER BY id DESC LIMIT 5
2022/02/20 04-43-17 SELECT *  FROM ads  WHERE active="1"
2022/02/20 04-43-21 UPDATE ads SET title = 'Ford raudonas',description = 'raudonasAprasymas',manufacturer_id = '1',model_id = '1',price = '20000',year = '2009',type_id = '1',user_id = '1',image = 'https://wallpapercave.com/dwp1x/wp2002304.jpg',active = '',slug = 'ford-raudonas',vin = '',views = '1' WHERE id="12"
2022/02/20 04-44-14 SELECT *  FROM ads  WHERE active="1"
2022/02/20 04-44-19 SELECT *  FROM ads  WHERE active="1" ORDER BY views DESC LIMIT 5
2022/02/20 04-44-19 SELECT *  FROM ads  WHERE active="1" ORDER BY id DESC LIMIT 5
2022/02/20 04-44-45 SELECT *  FROM ads  WHERE active="1" ORDER BY views DESC LIMIT 5
2022/02/20 04-44-45 SELECT *  FROM ads  WHERE active="1" ORDER BY id DESC LIMIT 5
2022/02/20 04-45-15 SELECT *  FROM ads  WHERE active="1" ORDER BY views DESC LIMIT 5
2022/02/20 04-45-16 SELECT *  FROM ads  WHERE active="1" ORDER BY id DESC LIMIT 5
2022/02/20 04-45-26 SELECT *  FROM ads  WHERE active="1"
2022/02/20 04-45-30 SELECT *  FROM ads  WHERE active="1" ORDER BY views DESC LIMIT 5
2022/02/20 04-45-31 SELECT *  FROM ads  WHERE active="1" ORDER BY id DESC LIMIT 5
2022/02/20 04-46-06 SELECT *  FROM ads  WHERE active="1"
2022/02/20 04-47-10 SELECT *  FROM ads  WHERE active="1"
2022/02/20 04-47-13 SELECT *  FROM ads  WHERE active="1" ORDER BY views DESC LIMIT 5
2022/02/20 04-47-13 SELECT *  FROM ads  WHERE active="1" ORDER BY id DESC LIMIT 5
2022/02/20 04-47-42 SELECT *  FROM ads  WHERE active="1" ORDER BY views DESC LIMIT 5
2022/02/20 04-47-42 SELECT *  FROM ads  WHERE active="1" ORDER BY id DESC LIMIT 5
2022/02/20 04-47-46 SELECT *  FROM ads  WHERE active="1"
2022/02/20 04-47-51 SELECT *  FROM ads  WHERE active="1" ORDER BY views DESC LIMIT 5
2022/02/20 04-47-51 SELECT *  FROM ads  WHERE active="1" ORDER BY id DESC LIMIT 5
2022/02/20 04-48-16 SELECT *  FROM ads  WHERE active="1" ORDER BY views DESC LIMIT 5
2022/02/20 04-48-16 SELECT *  FROM ads  WHERE active="1" ORDER BY id DESC LIMIT 5
2022/02/20 04-48-18 SELECT *  FROM ads  WHERE active="1"
2022/02/20 04-48-38 SELECT *  FROM ads  WHERE active="1"
2022/02/20 04-48-46 SELECT *  FROM ads  WHERE active="1" ORDER BY views DESC LIMIT 5
2022/02/20 04-48-46 SELECT *  FROM ads  WHERE active="1" ORDER BY id DESC LIMIT 5
2022/02/20 04-48-51 SELECT *  FROM ads  WHERE active="1"
2022/02/20 04-48-53 SELECT *  FROM cities 
2022/02/20 04-49-06 SELECT *  FROM ads  WHERE active="1"
2022/02/20 04-49-08 SELECT *  FROM ads  WHERE active="1" ORDER BY views DESC LIMIT 5
2022/02/20 04-49-08 SELECT *  FROM ads  WHERE active="1" ORDER BY id DESC LIMIT 5
2022/02/20 04-49-08 SELECT *  FROM ads  WHERE active="1"
2022/02/20 04-49-56 SELECT *  FROM ads  WHERE active="1" ORDER BY views DESC LIMIT 5
2022/02/20 04-49-56 SELECT *  FROM ads  WHERE active="1" ORDER BY id DESC LIMIT 5
2022/02/20 04-50-32 SELECT *  FROM ads  WHERE active="1" ORDER BY views DESC LIMIT 5
2022/02/20 04-50-32 SELECT *  FROM ads  WHERE active="1" ORDER BY id DESC LIMIT 5
2022/02/20 04-50-36 SELECT *  FROM ads  WHERE active="1" ORDER BY views DESC LIMIT 5
2022/02/20 04-50-36 SELECT *  FROM ads  WHERE active="1" ORDER BY id DESC LIMIT 5
2022/02/20 04-50-54 SELECT *  FROM ads  WHERE active="1" ORDER BY views DESC LIMIT 5
2022/02/20 04-50-54 SELECT *  FROM ads  WHERE active="1" ORDER BY id DESC LIMIT 5
2022/02/20 04-51-35 SELECT *  FROM ads  WHERE active="1" ORDER BY views DESC LIMIT 5
2022/02/20 04-51-35 SELECT *  FROM ads  WHERE active="1" ORDER BY id DESC LIMIT 5
2022/02/20 04-51-37 SELECT *  FROM ads  WHERE active="1"
2022/02/20 04-51-50 SELECT *  FROM ads  WHERE active="1"
2022/02/20 04-51-51 SELECT *  FROM ads  WHERE active="1" ORDER BY views DESC LIMIT 5
2022/02/20 04-51-51 SELECT *  FROM ads  WHERE active="1" ORDER BY id DESC LIMIT 5
2022/02/20 04-53-32 SELECT *  FROM ads  WHERE active="1"
2022/02/20 04-53-39 SELECT *  FROM ads  WHERE active="1"
2022/02/20 04-53-41 SELECT *  FROM ads  WHERE active="1" ORDER BY views DESC LIMIT 5
2022/02/20 04-53-41 SELECT *  FROM ads  WHERE active="1" ORDER BY id DESC LIMIT 5
2022/02/20 04-54-12 SELECT *  FROM ads  WHERE active="1" ORDER BY views DESC LIMIT 5
2022/02/20 04-54-12 SELECT *  FROM ads  WHERE active="1" ORDER BY id DESC LIMIT 5
2022/02/20 04-54-13 SELECT *  FROM ads  WHERE active="1" ORDER BY views DESC LIMIT 5
2022/02/20 04-54-13 SELECT *  FROM ads  WHERE active="1" ORDER BY id DESC LIMIT 5
2022/02/20 04-54-14 SELECT *  FROM ads  WHERE active="1" ORDER BY views DESC LIMIT 5
2022/02/20 04-54-14 SELECT *  FROM ads  WHERE active="1" ORDER BY id DESC LIMIT 5
2022/02/20 04-54-14 SELECT *  FROM ads  WHERE active="1" ORDER BY views DESC LIMIT 5
2022/02/20 04-54-14 SELECT *  FROM ads  WHERE active="1" ORDER BY id DESC LIMIT 5
2022/02/20 04-54-27 SELECT *  FROM ads  WHERE active="1" ORDER BY views DESC LIMIT 5
2022/02/20 04-54-27 SELECT *  FROM ads  WHERE active="1" ORDER BY id DESC LIMIT 5
2022/02/20 04-54-30 SELECT *  FROM ads  WHERE active="1" ORDER BY views DESC LIMIT 5
2022/02/20 04-54-30 SELECT *  FROM ads  WHERE active="1" ORDER BY id DESC LIMIT 5
2022/02/20 04-54-49 SELECT *  FROM ads  WHERE active="1" ORDER BY views DESC LIMIT 5
2022/02/20 04-54-49 SELECT *  FROM ads  WHERE active="1" ORDER BY id DESC LIMIT 5
2022/02/20 04-54-54 SELECT *  FROM ads  WHERE active="1"
2022/02/20 04-55-17 SELECT *  FROM ads  WHERE active="1"
2022/02/20 04-55-27 SELECT *  FROM ads  WHERE active="1"
2022/02/20 04-55-29 SELECT *  FROM ads  WHERE active="1" ORDER BY views DESC LIMIT 5
2022/02/20 04-55-29 SELECT *  FROM ads  WHERE active="1" ORDER BY id DESC LIMIT 5
2022/02/20 04-55-50 SELECT *  FROM ads  WHERE active="1" ORDER BY views DESC LIMIT 5
2022/02/20 04-55-50 SELECT *  FROM ads  WHERE active="1" ORDER BY id DESC LIMIT 5
2022/02/20 04-55-51 SELECT *  FROM ads  WHERE active="1" ORDER BY views DESC LIMIT 5
2022/02/20 04-55-51 SELECT *  FROM ads  WHERE active="1" ORDER BY id DESC LIMIT 5
2022/02/20 04-55-52 SELECT *  FROM ads  WHERE active="1" ORDER BY views DESC LIMIT 5
2022/02/20 04-55-52 SELECT *  FROM ads  WHERE active="1" ORDER BY id DESC LIMIT 5
2022/02/20 04-55-52 SELECT *  FROM ads  WHERE active="1" ORDER BY views DESC LIMIT 5
2022/02/20 04-55-52 SELECT *  FROM ads  WHERE active="1" ORDER BY id DESC LIMIT 5
2022/02/20 04-55-53 SELECT *  FROM ads  WHERE active="1" ORDER BY views DESC LIMIT 5
2022/02/20 04-55-53 SELECT *  FROM ads  WHERE active="1" ORDER BY id DESC LIMIT 5
2022/02/20 04-55-54 SELECT *  FROM ads  WHERE active="1"
2022/02/20 04-56-01 UPDATE ads SET title = 'BMW M4',description = 'nauja, vaziuoja puikiai',manufacturer_id = '1',model_id = '1',price = '50000',year = '2021',type_id = '1',user_id = '1',image = 'https://d29u9xh7o1d7j0.cloudfront.net/wp-content/uploads/2021/09/G82_M4_Comp_1c-1600x1063.jpeg',active = '',slug = 'bmw-m4',vin = '',views = '1' WHERE id="11"
2022/02/20 04-56-16 UPDATE ads SET title = 'BMW M4',description = 'nauja, vaziuoja puikiai',manufacturer_id = '1',model_id = '1',price = '50000',year = '2021',type_id = '1',user_id = '1',image = 'https://d29u9xh7o1d7j0.cloudfront.net/wp-content/uploads/2021/09/G82_M4_Comp_1c-1600x1063.jpeg',active = '',slug = 'bmw-m4',vin = '',views = '2' WHERE id="11"
2022/02/20 04-56-34 SELECT *  FROM cities 
2022/02/20 04-56-48 SELECT *  FROM ads  WHERE active="1" ORDER BY views DESC LIMIT 5
2022/02/20 04-56-48 SELECT *  FROM ads  WHERE active="1" ORDER BY id DESC LIMIT 5
2022/02/20 04-57-27 SELECT *  FROM ads  WHERE active="1" ORDER BY views DESC LIMIT 5
2022/02/20 04-57-27 SELECT *  FROM ads  WHERE active="1" ORDER BY id DESC LIMIT 5
2022/02/20 04-57-28 SELECT *  FROM ads  WHERE active="1" ORDER BY views DESC LIMIT 5
2022/02/20 04-57-28 SELECT *  FROM ads  WHERE active="1" ORDER BY id DESC LIMIT 5
2022/02/20 04-57-29 SELECT *  FROM ads  WHERE active="1"
2022/02/20 04-57-33 SELECT *  FROM ads  WHERE active="1" ORDER BY views DESC LIMIT 5
2022/02/20 04-57-33 SELECT *  FROM ads  WHERE active="1" ORDER BY id DESC LIMIT 5
2022/02/20 04-57-44 SELECT *  FROM ads  WHERE active="1"
2022/02/20 04-59-13 SELECT *  FROM ads  WHERE active="1" ORDER BY views DESC LIMIT 5
2022/02/20 04-59-13 SELECT *  FROM ads  WHERE active="1" ORDER BY id DESC LIMIT 5
2022/02/20 04-59-17 SELECT *  FROM ads  WHERE active="1" ORDER BY views DESC LIMIT 5
2022/02/20 04-59-17 SELECT *  FROM ads  WHERE active="1" ORDER BY id DESC LIMIT 5
2022/02/21 10-16-26 SELECT *  FROM ads  WHERE active="1" ORDER BY views DESC LIMIT 5
2022/02/21 10-16-26 SELECT *  FROM ads  WHERE active="1" ORDER BY id DESC LIMIT 5
2022/02/21 10-16-34 SELECT *  FROM ads  WHERE active="1"
2022/02/21 10-16-36 SELECT *  FROM cities 
2022/02/22 07-16-06 SELECT *  FROM ads  WHERE active="1" ORDER BY views DESC LIMIT 5
2022/02/22 07-16-06 SELECT *  FROM ads  WHERE active="1" ORDER BY id DESC LIMIT 5
2022/02/22 07-16-08 SELECT *  FROM ads  WHERE active="1"
2022/02/22 07-16-13 SELECT *  FROM ads  WHERE active="1" ORDER BY views DESC LIMIT 5
2022/02/22 07-16-13 SELECT *  FROM ads  WHERE active="1" ORDER BY id DESC LIMIT 5
2022/02/22 07-16-16 SELECT *  FROM ads  WHERE active="1"
2022/02/22 09-26-26 SELECT *  FROM ads  WHERE active="1"
2022/02/22 09-26-31 SELECT *  FROM ads  WHERE active="1" ORDER BY views DESC LIMIT 5
2022/02/22 09-26-31 SELECT *  FROM ads  WHERE active="1" ORDER BY id DESC LIMIT 5
2022/02/22 09-26-34 SELECT *  FROM ads  WHERE active="1"
2022/02/22 10-21-03 SELECT *  FROM ads  WHERE active="1"
2022/02/22 10-21-13 SELECT *  FROM ads  WHERE active="1" ORDER BY views DESC LIMIT 5
2022/02/22 10-21-13 SELECT *  FROM ads  WHERE active="1" ORDER BY id DESC LIMIT 5
2022/02/23 06-17-29 SELECT *  FROM ads  WHERE active="1" ORDER BY views DESC LIMIT 5
2022/02/23 06-17-29 SELECT *  FROM ads  WHERE active="1" ORDER BY id DESC LIMIT 5
2022/02/23 06-17-33 SELECT *  FROM ads  WHERE active="1"
2022/02/23 06-17-34 SELECT *  FROM ads  WHERE active="1" ORDER BY views DESC LIMIT 5
2022/02/23 06-17-34 SELECT *  FROM ads  WHERE active="1" ORDER BY id DESC LIMIT 5
2022/02/23 06-17-39 SELECT *  FROM ads  WHERE active="1" ORDER BY views DESC LIMIT 5
2022/02/23 06-17-39 SELECT *  FROM ads  WHERE active="1" ORDER BY id DESC LIMIT 5
2022/02/23 06-18-07 SELECT *  FROM ads  WHERE active="1" ORDER BY views DESC LIMIT 5
2022/02/23 06-18-07 SELECT *  FROM ads  WHERE active="1" ORDER BY id DESC LIMIT 5
2022/02/23 07-01-28 SELECT *  FROM ads  WHERE active="1"
2022/02/23 07-01-32 SELECT *  FROM ads  WHERE active="1" ORDER BY views DESC LIMIT 5
2022/02/23 07-01-32 SELECT *  FROM ads  WHERE active="1" ORDER BY id DESC LIMIT 5
2022/02/23 07-01-34 SELECT *  FROM ads  WHERE active="1"
2022/02/23 07-01-39 SELECT *  FROM ads  WHERE active="1" ORDER BY views DESC LIMIT 5
2022/02/23 07-01-39 SELECT *  FROM ads  WHERE active="1" ORDER BY id DESC LIMIT 5
2022/02/23 07-03-04 SELECT *  FROM ads  WHERE active="1"
2022/02/23 07-03-46 SELECT *  FROM ads  WHERE active="1"
2022/02/23 07-50-30 SELECT *  FROM ads  WHERE active="1" ORDER BY views DESC LIMIT 5
2022/02/23 07-50-30 SELECT *  FROM ads  WHERE active="1" ORDER BY id DESC LIMIT 5
2022/02/23 07-50-35 SELECT *  FROM ads  WHERE active="1" ORDER BY views DESC LIMIT 5
2022/02/23 07-50-35 SELECT *  FROM ads  WHERE active="1" ORDER BY id DESC LIMIT 5
2022/02/23 07-55-27 SELECT id  FROM users  WHERE email="inesa@gmail.com" AND password="e10adc3949ba59abbe56e057f20f883e" AND active="1"
2022/02/23 07-56-31 SELECT id  FROM users  WHERE email="inesa@gmail.com" AND password="123456" AND active="1"
2022/02/23 07-56-31 SELECT *  FROM users  WHERE id="1"
2022/02/23 07-56-31 SELECT *  FROM cities  WHERE id="1"
2022/02/23 07-56-31 SELECT *  FROM ads  WHERE active="1" ORDER BY views DESC LIMIT 5
2022/02/23 07-56-31 SELECT *  FROM ads  WHERE id="18"
2022/02/23 07-56-31 SELECT *  FROM ads  WHERE id="19"
2022/02/23 07-56-31 SELECT *  FROM ads  WHERE id="20"
2022/02/23 07-56-31 SELECT *  FROM ads  WHERE id="21"
2022/02/23 07-56-31 SELECT *  FROM ads  WHERE id="22"
2022/02/23 07-56-31 SELECT *  FROM ads  WHERE active="1" ORDER BY id DESC LIMIT 5
2022/02/23 07-56-31 SELECT *  FROM ads  WHERE id="24"
2022/02/23 07-56-31 SELECT *  FROM ads  WHERE id="23"
2022/02/23 07-56-31 SELECT *  FROM ads  WHERE id="22"
2022/02/23 07-56-31 SELECT *  FROM ads  WHERE id="21"
2022/02/23 07-56-31 SELECT *  FROM ads  WHERE id="20"
2022/02/23 07-56-38 SELECT *  FROM users  WHERE id="1"
2022/02/23 07-56-38 SELECT *  FROM cities  WHERE id="1"
2022/02/23 07-56-39 SELECT *  FROM users  WHERE id="1"
2022/02/23 07-56-39 SELECT *  FROM cities  WHERE id="1"
2022/02/23 07-56-47 SELECT *  FROM users  WHERE id="1"
2022/02/23 07-56-47 SELECT *  FROM cities  WHERE id="1"
2022/02/23 07-56-47 SELECT *  FROM ads  WHERE active="1"
2022/02/23 07-56-47 SELECT *  FROM ads  WHERE id="18"
2022/02/23 07-56-47 SELECT *  FROM ads  WHERE id="19"
2022/02/23 07-56-47 SELECT *  FROM ads  WHERE id="20"
2022/02/23 07-56-47 SELECT *  FROM ads  WHERE id="21"
2022/02/23 07-56-47 SELECT *  FROM ads  WHERE id="22"
2022/02/23 07-56-47 SELECT *  FROM ads  WHERE id="23"
2022/02/23 07-56-47 SELECT *  FROM ads  WHERE id="24"
2022/02/23 07-56-49 SELECT *  FROM users  WHERE id="1"
2022/02/23 07-56-49 SELECT *  FROM cities  WHERE id="1"
2022/02/23 07-56-49 SELECT id  FROM users 
2022/02/23 07-56-49 SELECT *  FROM users  WHERE id="1"
2022/02/23 07-56-49 SELECT *  FROM cities  WHERE id="1"
2022/02/23 07-56-49 SELECT *  FROM users  WHERE id="6"
2022/02/23 07-56-49 SELECT *  FROM cities  WHERE id="1"
2022/02/23 07-56-49 SELECT *  FROM users  WHERE id="7"
2022/02/23 07-56-49 SELECT *  FROM cities  WHERE id="1"
2022/02/23 07-56-49 SELECT *  FROM users  WHERE id="8"
2022/02/23 07-56-50 SELECT *  FROM cities  WHERE id="1"
2022/02/23 07-56-52 SELECT *  FROM users  WHERE id="1"
2022/02/23 07-56-52 SELECT *  FROM cities  WHERE id="1"
2022/02/23 07-56-52 SELECT *  FROM ads  WHERE active="1"
2022/02/23 07-56-52 SELECT *  FROM ads  WHERE id="18"
2022/02/23 07-56-52 SELECT *  FROM ads  WHERE id="19"
2022/02/23 07-56-52 SELECT *  FROM ads  WHERE id="20"
2022/02/23 07-56-52 SELECT *  FROM ads  WHERE id="21"
2022/02/23 07-56-52 SELECT *  FROM ads  WHERE id="22"
2022/02/23 07-56-52 SELECT *  FROM ads  WHERE id="23"
2022/02/23 07-56-52 SELECT *  FROM ads  WHERE id="24"
2022/02/23 07-59-32 SELECT *  FROM users  WHERE id="1"
2022/02/23 07-59-32 SELECT *  FROM cities  WHERE id="1"
2022/02/23 07-59-32 SELECT id  FROM users 
2022/02/23 07-59-32 SELECT *  FROM users  WHERE id="1"
2022/02/23 07-59-32 SELECT *  FROM cities  WHERE id="1"
2022/02/23 07-59-32 SELECT *  FROM users  WHERE id="6"
2022/02/23 07-59-32 SELECT *  FROM cities  WHERE id="1"
2022/02/23 07-59-32 SELECT *  FROM users  WHERE id="7"
2022/02/23 07-59-32 SELECT *  FROM cities  WHERE id="1"
2022/02/23 07-59-32 SELECT *  FROM users  WHERE id="8"
2022/02/23 07-59-32 SELECT *  FROM cities  WHERE id="1"
2022/02/23 07-59-34 SELECT *  FROM users  WHERE id="1"
2022/02/23 07-59-34 SELECT *  FROM cities  WHERE id="1"
2022/02/23 07-59-34 SELECT *  FROM ads  WHERE active="1"
2022/02/23 07-59-34 SELECT *  FROM ads  WHERE id="18"
2022/02/23 07-59-34 SELECT *  FROM ads  WHERE id="19"
2022/02/23 07-59-34 SELECT *  FROM ads  WHERE id="20"
2022/02/23 07-59-34 SELECT *  FROM ads  WHERE id="21"
2022/02/23 07-59-34 SELECT *  FROM ads  WHERE id="22"
2022/02/23 07-59-34 SELECT *  FROM ads  WHERE id="23"
2022/02/23 07-59-34 SELECT *  FROM ads  WHERE id="24"
2022/02/23 08-00-35 SELECT *  FROM users  WHERE id="1"
2022/02/23 08-00-35 SELECT *  FROM cities  WHERE id="1"
2022/02/23 08-00-35 SELECT *  FROM ads  WHERE active="1"
2022/02/23 08-00-35 SELECT *  FROM ads  WHERE id="18"
2022/02/23 08-00-35 SELECT *  FROM ads  WHERE id="19"
2022/02/23 08-00-35 SELECT *  FROM ads  WHERE id="20"
2022/02/23 08-00-35 SELECT *  FROM ads  WHERE id="21"
2022/02/23 08-00-35 SELECT *  FROM ads  WHERE id="22"
2022/02/23 08-00-35 SELECT *  FROM ads  WHERE id="23"
2022/02/23 08-00-35 SELECT *  FROM ads  WHERE id="24"
2022/02/23 08-00-36 SELECT *  FROM users  WHERE id="1"
2022/02/23 08-00-36 SELECT *  FROM cities  WHERE id="1"
2022/02/23 08-00-36 SELECT *  FROM ads  WHERE active="1" ORDER BY views DESC LIMIT 5
2022/02/23 08-00-36 SELECT *  FROM ads  WHERE id="18"
2022/02/23 08-00-36 SELECT *  FROM ads  WHERE id="19"
2022/02/23 08-00-36 SELECT *  FROM ads  WHERE id="20"
2022/02/23 08-00-36 SELECT *  FROM ads  WHERE id="21"
2022/02/23 08-00-36 SELECT *  FROM ads  WHERE id="22"
2022/02/23 08-00-36 SELECT *  FROM ads  WHERE active="1" ORDER BY id DESC LIMIT 5
2022/02/23 08-00-36 SELECT *  FROM ads  WHERE id="24"
2022/02/23 08-00-36 SELECT *  FROM ads  WHERE id="23"
2022/02/23 08-00-36 SELECT *  FROM ads  WHERE id="22"
2022/02/23 08-00-36 SELECT *  FROM ads  WHERE id="21"
2022/02/23 08-00-36 SELECT *  FROM ads  WHERE id="20"
2022/02/23 08-00-46 SELECT *  FROM ads  WHERE active="1" ORDER BY views DESC LIMIT 5
2022/02/23 08-00-46 SELECT *  FROM ads  WHERE id="18"
2022/02/23 08-00-46 SELECT *  FROM ads  WHERE id="19"
2022/02/23 08-00-46 SELECT *  FROM ads  WHERE id="20"
2022/02/23 08-00-46 SELECT *  FROM ads  WHERE id="21"
2022/02/23 08-00-46 SELECT *  FROM ads  WHERE id="22"
2022/02/23 08-00-46 SELECT *  FROM ads  WHERE active="1" ORDER BY id DESC LIMIT 5
2022/02/23 08-00-46 SELECT *  FROM ads  WHERE id="24"
2022/02/23 08-00-46 SELECT *  FROM ads  WHERE id="23"
2022/02/23 08-00-46 SELECT *  FROM ads  WHERE id="22"
2022/02/23 08-00-46 SELECT *  FROM ads  WHERE id="21"
2022/02/23 08-00-46 SELECT *  FROM ads  WHERE id="20"
2022/02/23 08-00-47 SELECT *  FROM ads  WHERE active="1"
2022/02/23 08-00-47 SELECT *  FROM ads  WHERE id="18"
2022/02/23 08-00-47 SELECT *  FROM ads  WHERE id="19"
2022/02/23 08-00-47 SELECT *  FROM ads  WHERE id="20"
2022/02/23 08-00-47 SELECT *  FROM ads  WHERE id="21"
2022/02/23 08-00-47 SELECT *  FROM ads  WHERE id="22"
2022/02/23 08-00-47 SELECT *  FROM ads  WHERE id="23"
2022/02/23 08-00-48 SELECT *  FROM ads  WHERE id="24"
2022/02/23 08-00-51 SELECT *  FROM ads  WHERE active="1" ORDER BY views DESC LIMIT 5
2022/02/23 08-00-51 SELECT *  FROM ads  WHERE id="18"
2022/02/23 08-00-51 SELECT *  FROM ads  WHERE id="19"
2022/02/23 08-00-51 SELECT *  FROM ads  WHERE id="20"
2022/02/23 08-00-51 SELECT *  FROM ads  WHERE id="21"
2022/02/23 08-00-51 SELECT *  FROM ads  WHERE id="22"
2022/02/23 08-00-51 SELECT *  FROM ads  WHERE active="1" ORDER BY id DESC LIMIT 5
2022/02/23 08-00-51 SELECT *  FROM ads  WHERE id="24"
2022/02/23 08-00-51 SELECT *  FROM ads  WHERE id="23"
2022/02/23 08-00-51 SELECT *  FROM ads  WHERE id="22"
2022/02/23 08-00-51 SELECT *  FROM ads  WHERE id="21"
2022/02/23 08-00-51 SELECT *  FROM ads  WHERE id="20"
2022/02/23 08-00-52 SELECT *  FROM ads  WHERE active="1"
2022/02/23 08-00-52 SELECT *  FROM ads  WHERE id="18"
2022/02/23 08-00-52 SELECT *  FROM ads  WHERE id="19"
2022/02/23 08-00-52 SELECT *  FROM ads  WHERE id="20"
2022/02/23 08-00-52 SELECT *  FROM ads  WHERE id="21"
2022/02/23 08-00-53 SELECT *  FROM ads  WHERE id="22"
2022/02/23 08-00-53 SELECT *  FROM ads  WHERE id="23"
2022/02/23 08-00-53 SELECT *  FROM ads  WHERE id="24"
2022/02/23 08-15-27 SELECT count(*)  FROM ads  WHERE active="1"
2022/02/23 08-15-27 SELECT *  FROM ads  WHERE active="1" LIMIT 2
2022/02/23 08-15-27 SELECT *  FROM ads  WHERE id="18"
2022/02/23 08-15-27 SELECT *  FROM ads  WHERE id="19"
2022/02/23 08-15-28 SELECT count(*)  FROM ads  WHERE active="1"
2022/02/23 08-15-28 SELECT *  FROM ads  WHERE active="1" LIMIT 2
2022/02/23 08-15-28 SELECT *  FROM ads  WHERE id="18"
2022/02/23 08-15-28 SELECT *  FROM ads  WHERE id="19"
2022/02/23 08-15-29 SELECT *  FROM ads  WHERE active="1" ORDER BY views DESC LIMIT 5
2022/02/23 08-15-29 SELECT *  FROM ads  WHERE id="18"
2022/02/23 08-15-29 SELECT *  FROM ads  WHERE id="19"
2022/02/23 08-15-29 SELECT *  FROM ads  WHERE id="20"
2022/02/23 08-15-29 SELECT *  FROM ads  WHERE id="21"
2022/02/23 08-15-29 SELECT *  FROM ads  WHERE id="22"
2022/02/23 08-15-29 SELECT *  FROM ads  WHERE active="1" ORDER BY id DESC LIMIT 5
2022/02/23 08-15-29 SELECT *  FROM ads  WHERE id="24"
2022/02/23 08-15-29 SELECT *  FROM ads  WHERE id="23"
2022/02/23 08-15-29 SELECT *  FROM ads  WHERE id="22"
2022/02/23 08-15-29 SELECT *  FROM ads  WHERE id="21"
2022/02/23 08-15-29 SELECT *  FROM ads  WHERE id="20"
2022/02/23 08-15-31 SELECT count(*)  FROM ads  WHERE active="1"
2022/02/23 08-15-31 SELECT *  FROM ads  WHERE active="1" LIMIT 2
2022/02/23 08-15-31 SELECT *  FROM ads  WHERE id="18"
2022/02/23 08-15-31 SELECT *  FROM ads  WHERE id="19"
2022/02/24 08-12-28 SELECT *  FROM ads  WHERE active="1" ORDER BY views DESC LIMIT 5
2022/02/24 08-12-28 SELECT *  FROM ads  WHERE id="18"
2022/02/24 08-12-28 SELECT *  FROM ads  WHERE id="19"
2022/02/24 08-12-28 SELECT *  FROM ads  WHERE id="20"
2022/02/24 08-12-28 SELECT *  FROM ads  WHERE id="21"
2022/02/24 08-12-28 SELECT *  FROM ads  WHERE id="22"
2022/02/24 08-12-28 SELECT *  FROM ads  WHERE active="1" ORDER BY id DESC LIMIT 5
2022/02/24 08-12-28 SELECT *  FROM ads  WHERE id="24"
2022/02/24 08-12-28 SELECT *  FROM ads  WHERE id="23"
2022/02/24 08-12-28 SELECT *  FROM ads  WHERE id="22"
2022/02/24 08-12-28 SELECT *  FROM ads  WHERE id="21"
2022/02/24 08-12-28 SELECT *  FROM ads  WHERE id="20"
2022/02/24 08-12-30 SELECT count(*)  FROM ads  WHERE active="1"
2022/02/24 08-12-30 SELECT *  FROM ads  WHERE active="1" LIMIT 2
2022/02/24 08-12-30 SELECT *  FROM ads  WHERE id="18"
2022/02/24 08-12-30 SELECT *  FROM ads  WHERE id="19"
2022/02/24 08-12-32 SELECT *  FROM ads  WHERE active="1" ORDER BY views DESC LIMIT 5
2022/02/24 08-12-32 SELECT *  FROM ads  WHERE id="18"
2022/02/24 08-12-32 SELECT *  FROM ads  WHERE id="19"
2022/02/24 08-12-32 SELECT *  FROM ads  WHERE id="20"
2022/02/24 08-12-32 SELECT *  FROM ads  WHERE id="21"
2022/02/24 08-12-32 SELECT *  FROM ads  WHERE id="22"
2022/02/24 08-12-32 SELECT *  FROM ads  WHERE active="1" ORDER BY id DESC LIMIT 5
2022/02/24 08-12-32 SELECT *  FROM ads  WHERE id="24"
2022/02/24 08-12-32 SELECT *  FROM ads  WHERE id="23"
2022/02/24 08-12-32 SELECT *  FROM ads  WHERE id="22"
2022/02/24 08-12-32 SELECT *  FROM ads  WHERE id="21"
2022/02/24 08-12-32 SELECT *  FROM ads  WHERE id="20"
2022/02/26 05-28-04 SELECT count(*)  FROM ads  WHERE active="1"
2022/02/26 05-28-04 SELECT *  FROM ads  WHERE active="1" LIMIT 2
2022/02/26 05-28-04 SELECT *  FROM ads  WHERE id="18"
2022/02/26 05-28-04 SELECT *  FROM ads  WHERE id="19"
